Arguments: 
  C:\Program Files\nodejs\node.exe C:\Users\Victor\AppData\Roaming\npm\node_modules\yarn\bin\yarn.js

PATH: 
  C:\Program Files\PowerShell\7;C:\Windows\system32;C:\Windows;C:\Windows\System32\Wbem;C:\Windows\System32\WindowsPowerShell\v1.0\;C:\Windows\System32\OpenSSH\;C:\Program Files\dotnet\;C:\ProgramData\chocolatey\bin;C:\Program Files\Git\cmd;C:\Program Files\nodejs\;C:\Program Files\Amazon\AWSCLIV2\;C:\Program Files (x86)\Pulumi\;C:\Program Files\PuTTY\;C:\Program Files\WireGuard\;C:\Program Files\PowerShell\7\;C:\Users\Victor\AppData\Local\Programs\Python\Python311\Scripts\;C:\Users\Victor\AppData\Local\Programs\Python\Python311\;C:\Users\Victor\AppData\Local\Microsoft\WindowsApps;C:\Users\Victor\AppData\Local\Programs\Microsoft VS Code\bin;C:\Users\Victor\AppData\Roaming\npm;C:\tools;C:\Program Files (x86)\Nmap;C:\Program Files\Notepad++;

Yarn version: 
  1.22.19

Node version: 
  18.14.2

Platform: 
  win32 x64

Trace: 
  Error: https://npm.pkg.github.com/@tangro%2ftangro-github-toolkit: authentication token not provided
      at params.callback [as _callback] (C:\Users\Victor\AppData\Roaming\npm\node_modules\yarn\lib\cli.js:66145:18)
      at self.callback (C:\Users\Victor\AppData\Roaming\npm\node_modules\yarn\lib\cli.js:140890:22)
      at Request.emit (node:events:513:28)
      at Request.<anonymous> (C:\Users\Victor\AppData\Roaming\npm\node_modules\yarn\lib\cli.js:141862:10)
      at Request.emit (node:events:513:28)
      at IncomingMessage.<anonymous> (C:\Users\Victor\AppData\Roaming\npm\node_modules\yarn\lib\cli.js:141784:12)
      at Object.onceWrapper (node:events:627:28)
      at IncomingMessage.emit (node:events:525:35)
      at endReadableNT (node:internal/streams/readable:1359:12)
      at process.processTicksAndRejections (node:internal/process/task_queues:82:21)

npm manifest: 
  {
    "name": "@tangro/actions-license-check",
    "version": "1.0.14",
    "private": true,
    "description": "Action to check the repo for (production) dependencies that have an disallowed license",
    "main": "lib/main.js",
    "scripts": {
      "build": "rimraf dist && ncc build src/main.ts --minify",
      "update-readme": "node scripts/update-readme.js",
      "update-dependencies": "npx npm-check-updates -u",
      "version": "npm run build && git add -A",
      "postversion": "npm run update-readme && git add -A && git commit -m \"updated readme\" && git push"
    },
    "repository": {
      "type": "git",
      "url": "git+https://github.com/tangro/actions-license-check.git"
    },
    "keywords": [
      "actions"
    ],
    "author": "ankri",
    "license": "MIT",
    "dependencies": {
      "@actions/core": "1.10.1",
      "@actions/exec": "1.1.1",
      "@tangro/tangro-github-toolkit": "1.0.9",
      "@vercel/ncc": "0.38.0"
    },
    "devDependencies": {
      "@types/node": "20.7.0",
      "ejs": "3.1.9",
      "rimraf": "5.0.4",
      "typescript": "5.2.2"
    }
  }

yarn manifest: 
  No manifest

Lockfile: 
  No lockfile
